D:\Course_Physical Based Animation\Assignment 2\hw1\JelloSim_basecode\tinyxml\Debug_STL\BscMake.command.1.tlog
D:\Course_Physical Based Animation\Assignment 2\hw1\JelloSim_basecode\tinyxml\Debug_STL\bscmake.read.1.tlog
D:\Course_Physical Based Animation\Assignment 2\hw1\JelloSim_basecode\tinyxml\Debug_STL\bscmake.write.1.tlog
D:\Course_Physical Based Animation\Assignment 2\hw1\JelloSim_basecode\tinyxml\Debug_STL\cl.command.1.tlog
D:\Course_Physical Based Animation\Assignment 2\hw1\JelloSim_basecode\tinyxml\Debug_STL\CL.read.1.tlog
D:\Course_Physical Based Animation\Assignment 2\hw1\JelloSim_basecode\tinyxml\Debug_STL\CL.write.1.tlog
D:\Course_Physical Based Animation\Assignment 2\hw1\JelloSim_basecode\tinyxml\Debug_STL\lib.command.1.tlog
D:\Course_Physical Based Animation\Assignment 2\hw1\JelloSim_basecode\tinyxml\Debug_STL\Lib-link.read.1.tlog
D:\Course_Physical Based Animation\Assignment 2\hw1\JelloSim_basecode\tinyxml\Debug_STL\Lib-link.write.1.tlog
D:\COURSE_PHYSICAL BASED ANIMATION\ASSIGNMENT 2\HW1\JELLOSIM_BASECODE\TINYXML\DEBUG_STL\TINYSTR.OBJ
D:\COURSE_PHYSICAL BASED ANIMATION\ASSIGNMENT 2\HW1\JELLOSIM_BASECODE\TINYXML\DEBUG_STL\TINYSTR.SBR
D:\COURSE_PHYSICAL BASED ANIMATION\ASSIGNMENT 2\HW1\JELLOSIM_BASECODE\TINYXML\DEBUG_STL\TINYXML.OBJ
D:\COURSE_PHYSICAL BASED ANIMATION\ASSIGNMENT 2\HW1\JELLOSIM_BASECODE\TINYXML\DEBUG_STL\TINYXML.SBR
D:\COURSE_PHYSICAL BASED ANIMATION\ASSIGNMENT 2\HW1\JELLOSIM_BASECODE\TINYXML\DEBUG_STL\TINYXMLERROR.OBJ
D:\COURSE_PHYSICAL BASED ANIMATION\ASSIGNMENT 2\HW1\JELLOSIM_BASECODE\TINYXML\DEBUG_STL\TINYXMLERROR.SBR
D:\COURSE_PHYSICAL BASED ANIMATION\ASSIGNMENT 2\HW1\JELLOSIM_BASECODE\TINYXML\DEBUG_STL\TINYXMLPARSER.OBJ
D:\COURSE_PHYSICAL BASED ANIMATION\ASSIGNMENT 2\HW1\JELLOSIM_BASECODE\TINYXML\DEBUG_STL\TINYXMLPARSER.SBR
D:\COURSE_PHYSICAL BASED ANIMATION\ASSIGNMENT 2\HW1\JELLOSIM_BASECODE\TINYXML\DEBUG_STL\TINYXMLSTL.BSC
D:\Course_Physical Based Animation\Assignment 2\hw1\JelloSim_basecode\tinyxml\Debug_STL\tinyxmlSTL.vcxprojResolveAssemblyReference.cache
D:\Course_Physical Based Animation\Assignment 2\hw1\JelloSim_basecode\tinyxml\Debug_STL\tinyxmlSTL.write.1.tlog
D:\Course_Physical Based Animation\Assignment 2\hw1\JelloSim_basecode\tinyxml\Debug_STL\vc100.idb
D:\COURSE_PHYSICAL BASED ANIMATION\ASSIGNMENT 2\HW1\JELLOSIM_BASECODE\TINYXML\DEBUG_STL\VC100.PDB
D:\COURSE_PHYSICAL BASED ANIMATION\ASSIGNMENT 2\HW1\JELLOSIM_BASECODE\TINYXML\TINYXMLD_STL.LIB
