D:\COURSE_PHYSICAL BASED ANIMATION\ASSIGNMENT 2\HW1\JELLOSIM_BASECODE\DEBUG\JELLOSIM.EXE
D:\COURSE_PHYSICAL BASED ANIMATION\ASSIGNMENT 2\HW1\JELLOSIM_BASECODE\DEBUG\JELLOSIM.ILK
D:\COURSE_PHYSICAL BASED ANIMATION\ASSIGNMENT 2\HW1\JELLOSIM_BASECODE\DEBUG\JELLOSIM.PDB
D:\COURSE_PHYSICAL BASED ANIMATION\ASSIGNMENT 2\HW1\JELLOSIM_BASECODE\JELLOSIM\DEBUG\CAMERA.OBJ
D:\Course_Physical Based Animation\Assignment 2\hw1\JelloSim_basecode\JelloSim\Debug\cl.command.1.tlog
D:\Course_Physical Based Animation\Assignment 2\hw1\JelloSim_basecode\JelloSim\Debug\CL.read.1.tlog
D:\Course_Physical Based Animation\Assignment 2\hw1\JelloSim_basecode\JelloSim\Debug\CL.write.1.tlog
D:\COURSE_PHYSICAL BASED ANIMATION\ASSIGNMENT 2\HW1\JELLOSIM_BASECODE\JELLOSIM\DEBUG\FPS.OBJ
D:\COURSE_PHYSICAL BASED ANIMATION\ASSIGNMENT 2\HW1\JELLOSIM_BASECODE\JELLOSIM\DEBUG\JELLOMESH.OBJ
D:\COURSE_PHYSICAL BASED ANIMATION\ASSIGNMENT 2\HW1\JELLOSIM_BASECODE\JELLOSIM\DEBUG\JELLOSIM.EXE.INTERMEDIATE.MANIFEST
D:\Course_Physical Based Animation\Assignment 2\hw1\JelloSim_basecode\JelloSim\Debug\JelloSim.vcxprojResolveAssemblyReference.cache
D:\Course_Physical Based Animation\Assignment 2\hw1\JelloSim_basecode\JelloSim\Debug\JelloSim.write.1.tlog
D:\Course_Physical Based Animation\Assignment 2\hw1\JelloSim_basecode\JelloSim\Debug\link.command.1.tlog
D:\Course_Physical Based Animation\Assignment 2\hw1\JelloSim_basecode\JelloSim\Debug\link.read.1.tlog
D:\Course_Physical Based Animation\Assignment 2\hw1\JelloSim_basecode\JelloSim\Debug\link.write.1.tlog
D:\COURSE_PHYSICAL BASED ANIMATION\ASSIGNMENT 2\HW1\JELLOSIM_BASECODE\JELLOSIM\DEBUG\MAIN.OBJ
D:\Course_Physical Based Animation\Assignment 2\hw1\JelloSim_basecode\JelloSim\Debug\mt.command.1.tlog
D:\Course_Physical Based Animation\Assignment 2\hw1\JelloSim_basecode\JelloSim\Debug\mt.read.1.tlog
D:\Course_Physical Based Animation\Assignment 2\hw1\JelloSim_basecode\JelloSim\Debug\mt.write.1.tlog
D:\Course_Physical Based Animation\Assignment 2\hw1\JelloSim_basecode\JelloSim\Debug\vc100.idb
D:\COURSE_PHYSICAL BASED ANIMATION\ASSIGNMENT 2\HW1\JELLOSIM_BASECODE\JELLOSIM\DEBUG\VC100.PDB
D:\COURSE_PHYSICAL BASED ANIMATION\ASSIGNMENT 2\HW1\JELLOSIM_BASECODE\JELLOSIM\DEBUG\VEC.OBJ
D:\COURSE_PHYSICAL BASED ANIMATION\ASSIGNMENT 2\HW1\JELLOSIM_BASECODE\JELLOSIM\DEBUG\WORLD.OBJ
